1	Starting the game	0	0 Sun Jan  5 12:13:01 2014
1	4 players; 2 teams; load 0 Bytes each 0ms	0	0 Sun Jan  5 12:13:01 2014
2	Listening on port	1234	0 Sun Jan  5 12:13:01 2014
5	Total Output	0	1020 Sun Jan  5 12:13:02 2014
6	Total Input	0	1020 Sun Jan  5 12:13:02 2014
3	Output	0	1020 Sun Jan  5 12:13:02 2014
4	Input	0	1020 Sun Jan  5 12:13:02 2014
12	fps	32	1020 Sun Jan  5 12:13:02 2014
13	Clients	0	1020 Sun Jan  5 12:13:02 2014
11	CPU %	0	1020 Sun Jan  5 12:13:02 2014
5	Total Output	0	2040 Sun Jan  5 12:13:03 2014
6	Total Input	0	2040 Sun Jan  5 12:13:03 2014
3	Output	0	2040 Sun Jan  5 12:13:03 2014
4	Input	0	2040 Sun Jan  5 12:13:03 2014
12	fps	31	2040 Sun Jan  5 12:13:03 2014
13	Clients	0	2040 Sun Jan  5 12:13:03 2014
11	CPU %	5	2040 Sun Jan  5 12:13:03 2014
5	Total Output	0	3060 Sun Jan  5 12:13:04 2014
6	Total Input	0	3060 Sun Jan  5 12:13:04 2014
3	Output	0	3060 Sun Jan  5 12:13:04 2014
4	Input	0	3060 Sun Jan  5 12:13:04 2014
12	fps	32	3060 Sun Jan  5 12:13:04 2014
13	Clients	0	3060 Sun Jan  5 12:13:04 2014
11	CPU %	7	3060 Sun Jan  5 12:13:04 2014
