1	Starting the game	0	0 Mon Jan  6 15:30:39 2014
1	2 players; 2 teams; load 0 Bytes each 0ms	0	0 Mon Jan  6 15:30:39 2014
2	Listening on port	1234	0 Mon Jan  6 15:30:39 2014
5	Total Output	0	1020 Mon Jan  6 15:30:40 2014
6	Total Input	0	1020 Mon Jan  6 15:30:40 2014
3	Output	0	1020 Mon Jan  6 15:30:40 2014
4	Input	0	1020 Mon Jan  6 15:30:40 2014
12	fps	32	1020 Mon Jan  6 15:30:40 2014
13	Clients	0	1020 Mon Jan  6 15:30:40 2014
11	CPU %	0	1020 Mon Jan  6 15:30:40 2014
5	Total Output	0	2040 Mon Jan  6 15:30:41 2014
6	Total Input	0	2040 Mon Jan  6 15:30:41 2014
3	Output	0	2040 Mon Jan  6 15:30:41 2014
4	Input	0	2040 Mon Jan  6 15:30:41 2014
12	fps	32	2040 Mon Jan  6 15:30:41 2014
13	Clients	0	2040 Mon Jan  6 15:30:41 2014
11	CPU %	2	2040 Mon Jan  6 15:30:41 2014
5	Total Output	0	3060 Mon Jan  6 15:30:42 2014
6	Total Input	0	3060 Mon Jan  6 15:30:42 2014
3	Output	0	3060 Mon Jan  6 15:30:42 2014
4	Input	0	3060 Mon Jan  6 15:30:42 2014
12	fps	32	3060 Mon Jan  6 15:30:42 2014
13	Clients	0	3060 Mon Jan  6 15:30:42 2014
11	CPU %	1	3060 Mon Jan  6 15:30:42 2014
5	Total Output	0	4080 Mon Jan  6 15:30:43 2014
6	Total Input	0	4080 Mon Jan  6 15:30:43 2014
3	Output	0	4080 Mon Jan  6 15:30:43 2014
4	Input	0	4080 Mon Jan  6 15:30:43 2014
12	fps	32	4080 Mon Jan  6 15:30:43 2014
13	Clients	0	4080 Mon Jan  6 15:30:43 2014
11	CPU %	1	4080 Mon Jan  6 15:30:43 2014
5	Total Output	0	5100 Mon Jan  6 15:30:44 2014
6	Total Input	0	5100 Mon Jan  6 15:30:44 2014
3	Output	0	5100 Mon Jan  6 15:30:44 2014
4	Input	0	5100 Mon Jan  6 15:30:44 2014
12	fps	32	5100 Mon Jan  6 15:30:44 2014
13	Clients	0	5100 Mon Jan  6 15:30:44 2014
11	CPU %	2	5100 Mon Jan  6 15:30:44 2014
5	Total Output	0	6120 Mon Jan  6 15:30:45 2014
6	Total Input	0	6120 Mon Jan  6 15:30:45 2014
3	Output	0	6120 Mon Jan  6 15:30:45 2014
4	Input	0	6120 Mon Jan  6 15:30:45 2014
12	fps	32	6120 Mon Jan  6 15:30:45 2014
13	Clients	0	6120 Mon Jan  6 15:30:45 2014
11	CPU %	1	6120 Mon Jan  6 15:30:45 2014
5	Total Output	0	7140 Mon Jan  6 15:30:46 2014
6	Total Input	0	7140 Mon Jan  6 15:30:46 2014
3	Output	0	7140 Mon Jan  6 15:30:46 2014
4	Input	0	7140 Mon Jan  6 15:30:46 2014
12	fps	31	7140 Mon Jan  6 15:30:46 2014
13	Clients	0	7140 Mon Jan  6 15:30:46 2014
11	CPU %	2	7140 Mon Jan  6 15:30:46 2014
5	Total Output	0	8160 Mon Jan  6 15:30:47 2014
6	Total Input	0	8160 Mon Jan  6 15:30:47 2014
3	Output	0	8160 Mon Jan  6 15:30:47 2014
4	Input	0	8160 Mon Jan  6 15:30:47 2014
12	fps	33	8160 Mon Jan  6 15:30:47 2014
13	Clients	0	8160 Mon Jan  6 15:30:47 2014
11	CPU %	1	8160 Mon Jan  6 15:30:47 2014
5	Total Output	0	9180 Mon Jan  6 15:30:48 2014
6	Total Input	0	9180 Mon Jan  6 15:30:48 2014
3	Output	0	9180 Mon Jan  6 15:30:48 2014
4	Input	0	9180 Mon Jan  6 15:30:48 2014
12	fps	32	9180 Mon Jan  6 15:30:48 2014
13	Clients	0	9180 Mon Jan  6 15:30:48 2014
11	CPU %	4	9180 Mon Jan  6 15:30:48 2014
5	Total Output	0	10200 Mon Jan  6 15:30:49 2014
6	Total Input	0	10200 Mon Jan  6 15:30:49 2014
3	Output	0	10200 Mon Jan  6 15:30:49 2014
4	Input	0	10200 Mon Jan  6 15:30:49 2014
12	fps	33	10200 Mon Jan  6 15:30:49 2014
13	Clients	0	10200 Mon Jan  6 15:30:49 2014
11	CPU %	1	10200 Mon Jan  6 15:30:49 2014
5	Total Output	0	11220 Mon Jan  6 15:30:50 2014
6	Total Input	0	11220 Mon Jan  6 15:30:50 2014
3	Output	0	11220 Mon Jan  6 15:30:50 2014
4	Input	0	11220 Mon Jan  6 15:30:50 2014
12	fps	33	11220 Mon Jan  6 15:30:50 2014
13	Clients	0	11220 Mon Jan  6 15:30:50 2014
11	CPU %	1	11220 Mon Jan  6 15:30:50 2014
