1	Starting the game	0	0 Sun Nov  3 21:22:28 2013
1	4 players; 2 teams; load 0 Bytes each 0ms	0	0 Sun Nov  3 21:22:28 2013
2	Listening on port	1234	0 Sun Nov  3 21:22:28 2013
5	Total Output	0	1020 Sun Nov  3 21:22:29 2013
6	Total Input	0	1020 Sun Nov  3 21:22:29 2013
3	Output	0	1020 Sun Nov  3 21:22:29 2013
4	Input	0	1020 Sun Nov  3 21:22:29 2013
12	fps	32	1020 Sun Nov  3 21:22:29 2013
13	Clients	0	1020 Sun Nov  3 21:22:29 2013
11	CPU %	0	1020 Sun Nov  3 21:22:29 2013
5	Total Output	0	2040 Sun Nov  3 21:22:30 2013
6	Total Input	0	2040 Sun Nov  3 21:22:30 2013
3	Output	0	2040 Sun Nov  3 21:22:30 2013
4	Input	0	2040 Sun Nov  3 21:22:30 2013
12	fps	32	2040 Sun Nov  3 21:22:30 2013
13	Clients	0	2040 Sun Nov  3 21:22:30 2013
11	CPU %	1	2040 Sun Nov  3 21:22:30 2013
5	Total Output	0	3060 Sun Nov  3 21:22:31 2013
6	Total Input	0	3060 Sun Nov  3 21:22:31 2013
3	Output	0	3060 Sun Nov  3 21:22:31 2013
4	Input	0	3060 Sun Nov  3 21:22:31 2013
12	fps	32	3060 Sun Nov  3 21:22:31 2013
13	Clients	0	3060 Sun Nov  3 21:22:31 2013
11	CPU %	1	3060 Sun Nov  3 21:22:31 2013
5	Total Output	0	4080 Sun Nov  3 21:22:32 2013
6	Total Input	0	4080 Sun Nov  3 21:22:32 2013
3	Output	0	4080 Sun Nov  3 21:22:32 2013
4	Input	0	4080 Sun Nov  3 21:22:32 2013
12	fps	32	4080 Sun Nov  3 21:22:32 2013
13	Clients	0	4080 Sun Nov  3 21:22:32 2013
11	CPU %	2	4080 Sun Nov  3 21:22:32 2013
5	Total Output	0	5100 Sun Nov  3 21:22:33 2013
6	Total Input	0	5100 Sun Nov  3 21:22:33 2013
3	Output	0	5100 Sun Nov  3 21:22:33 2013
4	Input	0	5100 Sun Nov  3 21:22:33 2013
12	fps	32	5100 Sun Nov  3 21:22:33 2013
13	Clients	0	5100 Sun Nov  3 21:22:33 2013
11	CPU %	0	5100 Sun Nov  3 21:22:33 2013
5	Total Output	0	6120 Sun Nov  3 21:22:34 2013
6	Total Input	0	6120 Sun Nov  3 21:22:34 2013
3	Output	0	6120 Sun Nov  3 21:22:34 2013
4	Input	0	6120 Sun Nov  3 21:22:34 2013
12	fps	32	6120 Sun Nov  3 21:22:34 2013
13	Clients	0	6120 Sun Nov  3 21:22:34 2013
11	CPU %	2	6120 Sun Nov  3 21:22:34 2013
5	Total Output	0	7140 Sun Nov  3 21:22:35 2013
6	Total Input	0	7140 Sun Nov  3 21:22:35 2013
3	Output	0	7140 Sun Nov  3 21:22:35 2013
4	Input	0	7140 Sun Nov  3 21:22:35 2013
12	fps	32	7140 Sun Nov  3 21:22:35 2013
13	Clients	0	7140 Sun Nov  3 21:22:35 2013
11	CPU %	0	7140 Sun Nov  3 21:22:35 2013
5	Total Output	0	8160 Sun Nov  3 21:22:36 2013
6	Total Input	0	8160 Sun Nov  3 21:22:36 2013
3	Output	0	8160 Sun Nov  3 21:22:36 2013
4	Input	0	8160 Sun Nov  3 21:22:36 2013
12	fps	32	8160 Sun Nov  3 21:22:36 2013
13	Clients	0	8160 Sun Nov  3 21:22:36 2013
11	CPU %	1	8160 Sun Nov  3 21:22:36 2013
5	Total Output	0	9180 Sun Nov  3 21:22:37 2013
6	Total Input	0	9180 Sun Nov  3 21:22:37 2013
3	Output	0	9180 Sun Nov  3 21:22:37 2013
4	Input	0	9180 Sun Nov  3 21:22:37 2013
12	fps	32	9180 Sun Nov  3 21:22:37 2013
13	Clients	0	9180 Sun Nov  3 21:22:37 2013
11	CPU %	2	9180 Sun Nov  3 21:22:37 2013
