1	Starting the game	0	0 Mon Jan  6 15:21:37 2014
1	4 players; 2 teams; load 0 Bytes each 0ms	0	0 Mon Jan  6 15:21:37 2014
2	Listening on port	1234	0 Mon Jan  6 15:21:37 2014
5	Total Output	0	1020 Mon Jan  6 15:21:38 2014
6	Total Input	0	1020 Mon Jan  6 15:21:38 2014
3	Output	0	1020 Mon Jan  6 15:21:38 2014
4	Input	0	1020 Mon Jan  6 15:21:38 2014
12	fps	31	1020 Mon Jan  6 15:21:38 2014
13	Clients	0	1020 Mon Jan  6 15:21:38 2014
11	CPU %	0	1020 Mon Jan  6 15:21:38 2014
5	Total Output	0	2040 Mon Jan  6 15:21:39 2014
6	Total Input	0	2040 Mon Jan  6 15:21:39 2014
3	Output	0	2040 Mon Jan  6 15:21:39 2014
4	Input	0	2040 Mon Jan  6 15:21:39 2014
12	fps	33	2040 Mon Jan  6 15:21:39 2014
13	Clients	0	2040 Mon Jan  6 15:21:39 2014
11	CPU %	2	2040 Mon Jan  6 15:21:39 2014
5	Total Output	0	3060 Mon Jan  6 15:21:40 2014
6	Total Input	0	3060 Mon Jan  6 15:21:40 2014
3	Output	0	3060 Mon Jan  6 15:21:40 2014
4	Input	0	3060 Mon Jan  6 15:21:40 2014
12	fps	32	3060 Mon Jan  6 15:21:40 2014
13	Clients	0	3060 Mon Jan  6 15:21:40 2014
11	CPU %	1	3060 Mon Jan  6 15:21:40 2014
5	Total Output	0	4080 Mon Jan  6 15:21:41 2014
6	Total Input	0	4080 Mon Jan  6 15:21:41 2014
3	Output	0	4080 Mon Jan  6 15:21:41 2014
4	Input	0	4080 Mon Jan  6 15:21:41 2014
12	fps	32	4080 Mon Jan  6 15:21:41 2014
13	Clients	0	4080 Mon Jan  6 15:21:41 2014
11	CPU %	2	4080 Mon Jan  6 15:21:41 2014
5	Total Output	0	5100 Mon Jan  6 15:21:42 2014
6	Total Input	0	5100 Mon Jan  6 15:21:42 2014
3	Output	0	5100 Mon Jan  6 15:21:42 2014
4	Input	0	5100 Mon Jan  6 15:21:42 2014
12	fps	32	5100 Mon Jan  6 15:21:42 2014
13	Clients	0	5100 Mon Jan  6 15:21:42 2014
11	CPU %	2	5100 Mon Jan  6 15:21:42 2014
5	Total Output	0	6120 Mon Jan  6 15:21:43 2014
6	Total Input	0	6120 Mon Jan  6 15:21:43 2014
3	Output	0	6120 Mon Jan  6 15:21:43 2014
4	Input	0	6120 Mon Jan  6 15:21:43 2014
12	fps	32	6120 Mon Jan  6 15:21:43 2014
13	Clients	0	6120 Mon Jan  6 15:21:43 2014
11	CPU %	2	6120 Mon Jan  6 15:21:43 2014
5	Total Output	0	7140 Mon Jan  6 15:21:44 2014
6	Total Input	0	7140 Mon Jan  6 15:21:44 2014
3	Output	0	7140 Mon Jan  6 15:21:44 2014
4	Input	0	7140 Mon Jan  6 15:21:44 2014
12	fps	32	7140 Mon Jan  6 15:21:44 2014
13	Clients	0	7140 Mon Jan  6 15:21:44 2014
11	CPU %	1	7140 Mon Jan  6 15:21:44 2014
5	Total Output	0	8160 Mon Jan  6 15:21:45 2014
6	Total Input	0	8160 Mon Jan  6 15:21:45 2014
3	Output	0	8160 Mon Jan  6 15:21:45 2014
4	Input	0	8160 Mon Jan  6 15:21:45 2014
12	fps	32	8160 Mon Jan  6 15:21:45 2014
13	Clients	0	8160 Mon Jan  6 15:21:45 2014
11	CPU %	3	8160 Mon Jan  6 15:21:45 2014
5	Total Output	0	9180 Mon Jan  6 15:21:46 2014
6	Total Input	0	9180 Mon Jan  6 15:21:46 2014
3	Output	0	9180 Mon Jan  6 15:21:46 2014
4	Input	0	9180 Mon Jan  6 15:21:46 2014
12	fps	31	9180 Mon Jan  6 15:21:46 2014
13	Clients	0	9180 Mon Jan  6 15:21:46 2014
11	CPU %	1	9180 Mon Jan  6 15:21:46 2014
5	Total Output	0	10200 Mon Jan  6 15:21:47 2014
6	Total Input	0	10200 Mon Jan  6 15:21:47 2014
3	Output	0	10200 Mon Jan  6 15:21:47 2014
4	Input	0	10200 Mon Jan  6 15:21:47 2014
12	fps	32	10200 Mon Jan  6 15:21:47 2014
13	Clients	0	10200 Mon Jan  6 15:21:47 2014
11	CPU %	0	10200 Mon Jan  6 15:21:47 2014
5	Total Output	0	11220 Mon Jan  6 15:21:48 2014
6	Total Input	0	11220 Mon Jan  6 15:21:48 2014
3	Output	0	11220 Mon Jan  6 15:21:48 2014
4	Input	0	11220 Mon Jan  6 15:21:48 2014
12	fps	32	11220 Mon Jan  6 15:21:48 2014
13	Clients	0	11220 Mon Jan  6 15:21:48 2014
11	CPU %	2	11220 Mon Jan  6 15:21:48 2014
5	Total Output	0	12240 Mon Jan  6 15:21:49 2014
6	Total Input	0	12240 Mon Jan  6 15:21:49 2014
3	Output	0	12240 Mon Jan  6 15:21:49 2014
4	Input	0	12240 Mon Jan  6 15:21:49 2014
12	fps	33	12240 Mon Jan  6 15:21:49 2014
13	Clients	0	12240 Mon Jan  6 15:21:49 2014
11	CPU %	2	12240 Mon Jan  6 15:21:49 2014
5	Total Output	0	13260 Mon Jan  6 15:21:50 2014
6	Total Input	0	13260 Mon Jan  6 15:21:50 2014
3	Output	0	13260 Mon Jan  6 15:21:50 2014
4	Input	0	13260 Mon Jan  6 15:21:50 2014
12	fps	32	13260 Mon Jan  6 15:21:50 2014
13	Clients	0	13260 Mon Jan  6 15:21:50 2014
11	CPU %	1	13260 Mon Jan  6 15:21:50 2014
5	Total Output	0	14280 Mon Jan  6 15:21:51 2014
6	Total Input	0	14280 Mon Jan  6 15:21:51 2014
3	Output	0	14280 Mon Jan  6 15:21:51 2014
4	Input	0	14280 Mon Jan  6 15:21:51 2014
12	fps	32	14280 Mon Jan  6 15:21:51 2014
13	Clients	0	14280 Mon Jan  6 15:21:51 2014
11	CPU %	2	14280 Mon Jan  6 15:21:51 2014
5	Total Output	0	15300 Mon Jan  6 15:21:52 2014
6	Total Input	0	15300 Mon Jan  6 15:21:52 2014
3	Output	0	15300 Mon Jan  6 15:21:52 2014
4	Input	0	15300 Mon Jan  6 15:21:52 2014
12	fps	32	15300 Mon Jan  6 15:21:52 2014
13	Clients	0	15300 Mon Jan  6 15:21:52 2014
11	CPU %	1	15300 Mon Jan  6 15:21:52 2014
5	Total Output	0	16320 Mon Jan  6 15:21:53 2014
6	Total Input	0	16320 Mon Jan  6 15:21:53 2014
3	Output	0	16320 Mon Jan  6 15:21:53 2014
4	Input	0	16320 Mon Jan  6 15:21:53 2014
12	fps	32	16320 Mon Jan  6 15:21:53 2014
13	Clients	0	16320 Mon Jan  6 15:21:53 2014
11	CPU %	2	16320 Mon Jan  6 15:21:53 2014
5	Total Output	0	17340 Mon Jan  6 15:21:54 2014
6	Total Input	0	17340 Mon Jan  6 15:21:54 2014
3	Output	0	17340 Mon Jan  6 15:21:54 2014
4	Input	0	17340 Mon Jan  6 15:21:54 2014
12	fps	32	17340 Mon Jan  6 15:21:54 2014
13	Clients	0	17340 Mon Jan  6 15:21:54 2014
11	CPU %	1	17340 Mon Jan  6 15:21:54 2014
5	Total Output	0	18360 Mon Jan  6 15:21:55 2014
6	Total Input	0	18360 Mon Jan  6 15:21:55 2014
3	Output	0	18360 Mon Jan  6 15:21:55 2014
4	Input	0	18360 Mon Jan  6 15:21:55 2014
12	fps	32	18360 Mon Jan  6 15:21:55 2014
13	Clients	0	18360 Mon Jan  6 15:21:55 2014
11	CPU %	1	18360 Mon Jan  6 15:21:55 2014
5	Total Output	0	19380 Mon Jan  6 15:21:56 2014
6	Total Input	0	19380 Mon Jan  6 15:21:56 2014
3	Output	0	19380 Mon Jan  6 15:21:56 2014
4	Input	0	19380 Mon Jan  6 15:21:56 2014
12	fps	32	19380 Mon Jan  6 15:21:56 2014
13	Clients	0	19380 Mon Jan  6 15:21:56 2014
11	CPU %	2	19380 Mon Jan  6 15:21:56 2014
5	Total Output	0	20400 Mon Jan  6 15:21:57 2014
6	Total Input	0	20400 Mon Jan  6 15:21:57 2014
3	Output	0	20400 Mon Jan  6 15:21:57 2014
4	Input	0	20400 Mon Jan  6 15:21:57 2014
12	fps	32	20400 Mon Jan  6 15:21:57 2014
13	Clients	0	20400 Mon Jan  6 15:21:57 2014
11	CPU %	2	20400 Mon Jan  6 15:21:57 2014
5	Total Output	0	21420 Mon Jan  6 15:21:58 2014
6	Total Input	0	21420 Mon Jan  6 15:21:58 2014
3	Output	0	21420 Mon Jan  6 15:21:58 2014
4	Input	0	21420 Mon Jan  6 15:21:58 2014
12	fps	32	21420 Mon Jan  6 15:21:58 2014
13	Clients	0	21420 Mon Jan  6 15:21:58 2014
11	CPU %	2	21420 Mon Jan  6 15:21:58 2014
5	Total Output	0	22440 Mon Jan  6 15:21:59 2014
6	Total Input	0	22440 Mon Jan  6 15:21:59 2014
3	Output	0	22440 Mon Jan  6 15:21:59 2014
4	Input	0	22440 Mon Jan  6 15:21:59 2014
12	fps	32	22440 Mon Jan  6 15:21:59 2014
13	Clients	0	22440 Mon Jan  6 15:21:59 2014
11	CPU %	2	22440 Mon Jan  6 15:21:59 2014
5	Total Output	0	23460 Mon Jan  6 15:22:00 2014
6	Total Input	0	23460 Mon Jan  6 15:22:00 2014
3	Output	0	23460 Mon Jan  6 15:22:00 2014
4	Input	0	23460 Mon Jan  6 15:22:00 2014
12	fps	32	23460 Mon Jan  6 15:22:00 2014
13	Clients	0	23460 Mon Jan  6 15:22:00 2014
11	CPU %	1	23460 Mon Jan  6 15:22:00 2014
5	Total Output	0	24480 Mon Jan  6 15:22:02 2014
6	Total Input	0	24480 Mon Jan  6 15:22:02 2014
3	Output	0	24480 Mon Jan  6 15:22:02 2014
4	Input	0	24480 Mon Jan  6 15:22:02 2014
12	fps	32	24480 Mon Jan  6 15:22:02 2014
13	Clients	0	24480 Mon Jan  6 15:22:02 2014
11	CPU %	1	24480 Mon Jan  6 15:22:02 2014
5	Total Output	0	25500 Mon Jan  6 15:22:03 2014
6	Total Input	0	25500 Mon Jan  6 15:22:03 2014
3	Output	0	25500 Mon Jan  6 15:22:03 2014
4	Input	0	25500 Mon Jan  6 15:22:03 2014
12	fps	32	25500 Mon Jan  6 15:22:03 2014
13	Clients	0	25500 Mon Jan  6 15:22:03 2014
11	CPU %	2	25500 Mon Jan  6 15:22:03 2014
5	Total Output	0	26520 Mon Jan  6 15:22:04 2014
6	Total Input	0	26520 Mon Jan  6 15:22:04 2014
3	Output	0	26520 Mon Jan  6 15:22:04 2014
4	Input	0	26520 Mon Jan  6 15:22:04 2014
12	fps	32	26520 Mon Jan  6 15:22:04 2014
13	Clients	0	26520 Mon Jan  6 15:22:04 2014
11	CPU %	2	26520 Mon Jan  6 15:22:04 2014
5	Total Output	0	27540 Mon Jan  6 15:22:05 2014
6	Total Input	0	27540 Mon Jan  6 15:22:05 2014
3	Output	0	27540 Mon Jan  6 15:22:05 2014
4	Input	0	27540 Mon Jan  6 15:22:05 2014
12	fps	32	27540 Mon Jan  6 15:22:05 2014
13	Clients	0	27540 Mon Jan  6 15:22:05 2014
11	CPU %	1	27540 Mon Jan  6 15:22:05 2014
5	Total Output	0	28560 Mon Jan  6 15:22:06 2014
6	Total Input	0	28560 Mon Jan  6 15:22:06 2014
3	Output	0	28560 Mon Jan  6 15:22:06 2014
4	Input	0	28560 Mon Jan  6 15:22:06 2014
12	fps	32	28560 Mon Jan  6 15:22:06 2014
13	Clients	0	28560 Mon Jan  6 15:22:06 2014
11	CPU %	2	28560 Mon Jan  6 15:22:06 2014
5	Total Output	0	29580 Mon Jan  6 15:22:07 2014
6	Total Input	0	29580 Mon Jan  6 15:22:07 2014
3	Output	0	29580 Mon Jan  6 15:22:07 2014
4	Input	0	29580 Mon Jan  6 15:22:07 2014
12	fps	32	29580 Mon Jan  6 15:22:07 2014
13	Clients	0	29580 Mon Jan  6 15:22:07 2014
11	CPU %	2	29580 Mon Jan  6 15:22:07 2014
5	Total Output	0	30600 Mon Jan  6 15:22:08 2014
6	Total Input	0	30600 Mon Jan  6 15:22:08 2014
3	Output	0	30600 Mon Jan  6 15:22:08 2014
4	Input	0	30600 Mon Jan  6 15:22:08 2014
12	fps	32	30600 Mon Jan  6 15:22:08 2014
13	Clients	0	30600 Mon Jan  6 15:22:08 2014
11	CPU %	2	30600 Mon Jan  6 15:22:08 2014
5	Total Output	0	31620 Mon Jan  6 15:22:09 2014
6	Total Input	0	31620 Mon Jan  6 15:22:09 2014
3	Output	0	31620 Mon Jan  6 15:22:09 2014
4	Input	0	31620 Mon Jan  6 15:22:09 2014
12	fps	32	31620 Mon Jan  6 15:22:09 2014
13	Clients	0	31620 Mon Jan  6 15:22:09 2014
11	CPU %	1	31620 Mon Jan  6 15:22:09 2014
