1	Starting the game	0	0 Sun Nov 24 22:43:01 2013
1	2 players; 2 teams; load 0 Bytes each 0ms	0	0 Sun Nov 24 22:43:01 2013
2	Listening on port	1234	0 Sun Nov 24 22:43:01 2013
5	Total Output	0	1020 Sun Nov 24 22:43:02 2013
6	Total Input	0	1020 Sun Nov 24 22:43:02 2013
3	Output	0	1020 Sun Nov 24 22:43:02 2013
4	Input	0	1020 Sun Nov 24 22:43:02 2013
12	fps	31	1020 Sun Nov 24 22:43:02 2013
13	Clients	0	1020 Sun Nov 24 22:43:02 2013
11	CPU %	0	1020 Sun Nov 24 22:43:02 2013
5	Total Output	0	2040 Sun Nov 24 22:43:03 2013
6	Total Input	0	2040 Sun Nov 24 22:43:03 2013
3	Output	0	2040 Sun Nov 24 22:43:03 2013
4	Input	0	2040 Sun Nov 24 22:43:03 2013
12	fps	32	2040 Sun Nov 24 22:43:03 2013
13	Clients	0	2040 Sun Nov 24 22:43:03 2013
11	CPU %	2	2040 Sun Nov 24 22:43:03 2013
5	Total Output	0	3060 Sun Nov 24 22:43:04 2013
6	Total Input	0	3060 Sun Nov 24 22:43:04 2013
3	Output	0	3060 Sun Nov 24 22:43:04 2013
4	Input	0	3060 Sun Nov 24 22:43:04 2013
12	fps	32	3060 Sun Nov 24 22:43:04 2013
13	Clients	0	3060 Sun Nov 24 22:43:04 2013
11	CPU %	3	3060 Sun Nov 24 22:43:04 2013
5	Total Output	0	4080 Sun Nov 24 22:43:05 2013
6	Total Input	0	4080 Sun Nov 24 22:43:05 2013
3	Output	0	4080 Sun Nov 24 22:43:05 2013
4	Input	0	4080 Sun Nov 24 22:43:05 2013
12	fps	31	4080 Sun Nov 24 22:43:05 2013
13	Clients	0	4080 Sun Nov 24 22:43:05 2013
11	CPU %	2	4080 Sun Nov 24 22:43:05 2013
5	Total Output	0	5100 Sun Nov 24 22:43:06 2013
6	Total Input	0	5100 Sun Nov 24 22:43:06 2013
3	Output	0	5100 Sun Nov 24 22:43:06 2013
4	Input	0	5100 Sun Nov 24 22:43:06 2013
12	fps	30	5100 Sun Nov 24 22:43:06 2013
13	Clients	0	5100 Sun Nov 24 22:43:06 2013
11	CPU %	2	5100 Sun Nov 24 22:43:06 2013
5	Total Output	0	6120 Sun Nov 24 22:43:07 2013
6	Total Input	0	6120 Sun Nov 24 22:43:07 2013
3	Output	0	6120 Sun Nov 24 22:43:07 2013
4	Input	0	6120 Sun Nov 24 22:43:07 2013
12	fps	32	6120 Sun Nov 24 22:43:07 2013
13	Clients	0	6120 Sun Nov 24 22:43:07 2013
11	CPU %	2	6120 Sun Nov 24 22:43:07 2013
5	Total Output	0	7140 Sun Nov 24 22:43:08 2013
6	Total Input	0	7140 Sun Nov 24 22:43:08 2013
3	Output	0	7140 Sun Nov 24 22:43:08 2013
4	Input	0	7140 Sun Nov 24 22:43:08 2013
12	fps	30	7140 Sun Nov 24 22:43:08 2013
13	Clients	0	7140 Sun Nov 24 22:43:08 2013
11	CPU %	2	7140 Sun Nov 24 22:43:08 2013
5	Total Output	0	8160 Sun Nov 24 22:43:09 2013
6	Total Input	0	8160 Sun Nov 24 22:43:09 2013
3	Output	0	8160 Sun Nov 24 22:43:09 2013
4	Input	0	8160 Sun Nov 24 22:43:09 2013
12	fps	31	8160 Sun Nov 24 22:43:09 2013
13	Clients	0	8160 Sun Nov 24 22:43:09 2013
11	CPU %	2	8160 Sun Nov 24 22:43:09 2013
5	Total Output	0	9180 Sun Nov 24 22:43:10 2013
6	Total Input	0	9180 Sun Nov 24 22:43:10 2013
3	Output	0	9180 Sun Nov 24 22:43:10 2013
4	Input	0	9180 Sun Nov 24 22:43:10 2013
12	fps	31	9180 Sun Nov 24 22:43:10 2013
13	Clients	0	9180 Sun Nov 24 22:43:10 2013
11	CPU %	2	9180 Sun Nov 24 22:43:10 2013
5	Total Output	0	10200 Sun Nov 24 22:43:11 2013
6	Total Input	0	10200 Sun Nov 24 22:43:11 2013
3	Output	0	10200 Sun Nov 24 22:43:11 2013
4	Input	0	10200 Sun Nov 24 22:43:11 2013
12	fps	32	10200 Sun Nov 24 22:43:11 2013
13	Clients	0	10200 Sun Nov 24 22:43:11 2013
11	CPU %	2	10200 Sun Nov 24 22:43:11 2013
5	Total Output	0	11220 Sun Nov 24 22:43:12 2013
6	Total Input	0	11220 Sun Nov 24 22:43:12 2013
3	Output	0	11220 Sun Nov 24 22:43:12 2013
4	Input	0	11220 Sun Nov 24 22:43:12 2013
12	fps	31	11220 Sun Nov 24 22:43:12 2013
13	Clients	0	11220 Sun Nov 24 22:43:12 2013
11	CPU %	3	11220 Sun Nov 24 22:43:12 2013
5	Total Output	0	12240 Sun Nov 24 22:43:14 2013
6	Total Input	0	12240 Sun Nov 24 22:43:14 2013
3	Output	0	12240 Sun Nov 24 22:43:14 2013
4	Input	0	12240 Sun Nov 24 22:43:14 2013
12	fps	32	12240 Sun Nov 24 22:43:14 2013
13	Clients	0	12240 Sun Nov 24 22:43:14 2013
11	CPU %	1	12240 Sun Nov 24 22:43:14 2013
5	Total Output	0	13260 Sun Nov 24 22:43:15 2013
6	Total Input	0	13260 Sun Nov 24 22:43:15 2013
3	Output	0	13260 Sun Nov 24 22:43:15 2013
4	Input	0	13260 Sun Nov 24 22:43:15 2013
12	fps	31	13260 Sun Nov 24 22:43:15 2013
13	Clients	0	13260 Sun Nov 24 22:43:15 2013
11	CPU %	1	13260 Sun Nov 24 22:43:15 2013
5	Total Output	0	14280 Sun Nov 24 22:43:16 2013
6	Total Input	0	14280 Sun Nov 24 22:43:16 2013
3	Output	0	14280 Sun Nov 24 22:43:16 2013
4	Input	0	14280 Sun Nov 24 22:43:16 2013
12	fps	32	14280 Sun Nov 24 22:43:16 2013
13	Clients	0	14280 Sun Nov 24 22:43:16 2013
11	CPU %	1	14280 Sun Nov 24 22:43:16 2013
5	Total Output	0	15300 Sun Nov 24 22:43:17 2013
6	Total Input	0	15300 Sun Nov 24 22:43:17 2013
3	Output	0	15300 Sun Nov 24 22:43:17 2013
4	Input	0	15300 Sun Nov 24 22:43:17 2013
12	fps	32	15300 Sun Nov 24 22:43:17 2013
13	Clients	0	15300 Sun Nov 24 22:43:17 2013
11	CPU %	2	15300 Sun Nov 24 22:43:17 2013
5	Total Output	0	16320 Sun Nov 24 22:43:18 2013
6	Total Input	0	16320 Sun Nov 24 22:43:18 2013
3	Output	0	16320 Sun Nov 24 22:43:18 2013
4	Input	0	16320 Sun Nov 24 22:43:18 2013
12	fps	31	16320 Sun Nov 24 22:43:18 2013
13	Clients	0	16320 Sun Nov 24 22:43:18 2013
11	CPU %	3	16320 Sun Nov 24 22:43:18 2013
5	Total Output	0	17340 Sun Nov 24 22:43:19 2013
6	Total Input	0	17340 Sun Nov 24 22:43:19 2013
3	Output	0	17340 Sun Nov 24 22:43:19 2013
4	Input	0	17340 Sun Nov 24 22:43:19 2013
12	fps	32	17340 Sun Nov 24 22:43:19 2013
13	Clients	0	17340 Sun Nov 24 22:43:19 2013
11	CPU %	2	17340 Sun Nov 24 22:43:19 2013
5	Total Output	0	18360 Sun Nov 24 22:43:20 2013
6	Total Input	0	18360 Sun Nov 24 22:43:20 2013
3	Output	0	18360 Sun Nov 24 22:43:20 2013
4	Input	0	18360 Sun Nov 24 22:43:20 2013
12	fps	32	18360 Sun Nov 24 22:43:20 2013
13	Clients	0	18360 Sun Nov 24 22:43:20 2013
11	CPU %	1	18360 Sun Nov 24 22:43:20 2013
5	Total Output	0	19380 Sun Nov 24 22:43:21 2013
6	Total Input	0	19380 Sun Nov 24 22:43:21 2013
3	Output	0	19380 Sun Nov 24 22:43:21 2013
4	Input	0	19380 Sun Nov 24 22:43:21 2013
12	fps	32	19380 Sun Nov 24 22:43:21 2013
13	Clients	0	19380 Sun Nov 24 22:43:21 2013
11	CPU %	2	19380 Sun Nov 24 22:43:21 2013
5	Total Output	0	20400 Sun Nov 24 22:43:22 2013
6	Total Input	0	20400 Sun Nov 24 22:43:22 2013
3	Output	0	20400 Sun Nov 24 22:43:22 2013
4	Input	0	20400 Sun Nov 24 22:43:22 2013
12	fps	31	20400 Sun Nov 24 22:43:22 2013
13	Clients	0	20400 Sun Nov 24 22:43:22 2013
11	CPU %	1	20400 Sun Nov 24 22:43:22 2013
5	Total Output	0	21420 Sun Nov 24 22:43:23 2013
6	Total Input	0	21420 Sun Nov 24 22:43:23 2013
3	Output	0	21420 Sun Nov 24 22:43:23 2013
4	Input	0	21420 Sun Nov 24 22:43:23 2013
12	fps	30	21420 Sun Nov 24 22:43:23 2013
13	Clients	0	21420 Sun Nov 24 22:43:23 2013
11	CPU %	3	21420 Sun Nov 24 22:43:23 2013
5	Total Output	0	22440 Sun Nov 24 22:43:24 2013
6	Total Input	0	22440 Sun Nov 24 22:43:24 2013
3	Output	0	22440 Sun Nov 24 22:43:24 2013
4	Input	0	22440 Sun Nov 24 22:43:24 2013
12	fps	27	22440 Sun Nov 24 22:43:24 2013
13	Clients	0	22440 Sun Nov 24 22:43:24 2013
11	CPU %	2	22440 Sun Nov 24 22:43:24 2013
5	Total Output	0	23460 Sun Nov 24 22:43:25 2013
6	Total Input	0	23460 Sun Nov 24 22:43:25 2013
3	Output	0	23460 Sun Nov 24 22:43:25 2013
4	Input	0	23460 Sun Nov 24 22:43:25 2013
12	fps	31	23460 Sun Nov 24 22:43:25 2013
13	Clients	0	23460 Sun Nov 24 22:43:25 2013
11	CPU %	3	23460 Sun Nov 24 22:43:25 2013
5	Total Output	0	24480 Sun Nov 24 22:43:26 2013
6	Total Input	0	24480 Sun Nov 24 22:43:26 2013
3	Output	0	24480 Sun Nov 24 22:43:26 2013
4	Input	0	24480 Sun Nov 24 22:43:26 2013
12	fps	31	24480 Sun Nov 24 22:43:26 2013
13	Clients	0	24480 Sun Nov 24 22:43:26 2013
11	CPU %	2	24480 Sun Nov 24 22:43:26 2013
5	Total Output	0	25500 Sun Nov 24 22:43:27 2013
6	Total Input	0	25500 Sun Nov 24 22:43:27 2013
3	Output	0	25500 Sun Nov 24 22:43:27 2013
4	Input	0	25500 Sun Nov 24 22:43:27 2013
12	fps	32	25500 Sun Nov 24 22:43:27 2013
13	Clients	0	25500 Sun Nov 24 22:43:27 2013
11	CPU %	2	25500 Sun Nov 24 22:43:27 2013
5	Total Output	0	26520 Sun Nov 24 22:43:29 2013
6	Total Input	0	26520 Sun Nov 24 22:43:29 2013
3	Output	0	26520 Sun Nov 24 22:43:29 2013
4	Input	0	26520 Sun Nov 24 22:43:29 2013
12	fps	32	26520 Sun Nov 24 22:43:29 2013
13	Clients	0	26520 Sun Nov 24 22:43:29 2013
11	CPU %	1	26520 Sun Nov 24 22:43:29 2013
5	Total Output	0	27540 Sun Nov 24 22:43:30 2013
6	Total Input	0	27540 Sun Nov 24 22:43:30 2013
3	Output	0	27540 Sun Nov 24 22:43:30 2013
4	Input	0	27540 Sun Nov 24 22:43:30 2013
12	fps	31	27540 Sun Nov 24 22:43:30 2013
13	Clients	0	27540 Sun Nov 24 22:43:30 2013
11	CPU %	2	27540 Sun Nov 24 22:43:30 2013
5	Total Output	0	28560 Sun Nov 24 22:43:31 2013
6	Total Input	0	28560 Sun Nov 24 22:43:31 2013
3	Output	0	28560 Sun Nov 24 22:43:31 2013
4	Input	0	28560 Sun Nov 24 22:43:31 2013
12	fps	32	28560 Sun Nov 24 22:43:31 2013
13	Clients	0	28560 Sun Nov 24 22:43:31 2013
11	CPU %	2	28560 Sun Nov 24 22:43:31 2013
5	Total Output	0	29580 Sun Nov 24 22:43:32 2013
6	Total Input	0	29580 Sun Nov 24 22:43:32 2013
3	Output	0	29580 Sun Nov 24 22:43:32 2013
4	Input	0	29580 Sun Nov 24 22:43:32 2013
12	fps	31	29580 Sun Nov 24 22:43:32 2013
13	Clients	0	29580 Sun Nov 24 22:43:32 2013
11	CPU %	1	29580 Sun Nov 24 22:43:32 2013
5	Total Output	0	30600 Sun Nov 24 22:43:33 2013
6	Total Input	0	30600 Sun Nov 24 22:43:33 2013
3	Output	0	30600 Sun Nov 24 22:43:33 2013
4	Input	0	30600 Sun Nov 24 22:43:33 2013
12	fps	31	30600 Sun Nov 24 22:43:33 2013
13	Clients	0	30600 Sun Nov 24 22:43:33 2013
11	CPU %	2	30600 Sun Nov 24 22:43:33 2013
5	Total Output	0	31620 Sun Nov 24 22:43:34 2013
6	Total Input	0	31620 Sun Nov 24 22:43:34 2013
3	Output	0	31620 Sun Nov 24 22:43:34 2013
4	Input	0	31620 Sun Nov 24 22:43:34 2013
12	fps	31	31620 Sun Nov 24 22:43:34 2013
13	Clients	0	31620 Sun Nov 24 22:43:34 2013
11	CPU %	3	31620 Sun Nov 24 22:43:34 2013
5	Total Output	0	32640 Sun Nov 24 22:43:35 2013
6	Total Input	0	32640 Sun Nov 24 22:43:35 2013
3	Output	0	32640 Sun Nov 24 22:43:35 2013
4	Input	0	32640 Sun Nov 24 22:43:35 2013
12	fps	32	32640 Sun Nov 24 22:43:35 2013
13	Clients	0	32640 Sun Nov 24 22:43:35 2013
11	CPU %	2	32640 Sun Nov 24 22:43:35 2013
5	Total Output	0	33660 Sun Nov 24 22:43:36 2013
6	Total Input	0	33660 Sun Nov 24 22:43:36 2013
3	Output	0	33660 Sun Nov 24 22:43:36 2013
4	Input	0	33660 Sun Nov 24 22:43:36 2013
12	fps	32	33660 Sun Nov 24 22:43:36 2013
13	Clients	0	33660 Sun Nov 24 22:43:36 2013
11	CPU %	2	33660 Sun Nov 24 22:43:36 2013
5	Total Output	0	34680 Sun Nov 24 22:43:37 2013
6	Total Input	0	34680 Sun Nov 24 22:43:37 2013
3	Output	0	34680 Sun Nov 24 22:43:37 2013
4	Input	0	34680 Sun Nov 24 22:43:37 2013
12	fps	32	34680 Sun Nov 24 22:43:37 2013
13	Clients	0	34680 Sun Nov 24 22:43:37 2013
11	CPU %	2	34680 Sun Nov 24 22:43:37 2013
5	Total Output	0	35700 Sun Nov 24 22:43:38 2013
6	Total Input	0	35700 Sun Nov 24 22:43:38 2013
3	Output	0	35700 Sun Nov 24 22:43:38 2013
4	Input	0	35700 Sun Nov 24 22:43:38 2013
12	fps	31	35700 Sun Nov 24 22:43:38 2013
13	Clients	0	35700 Sun Nov 24 22:43:38 2013
11	CPU %	1	35700 Sun Nov 24 22:43:38 2013
5	Total Output	0	36720 Sun Nov 24 22:43:39 2013
6	Total Input	0	36720 Sun Nov 24 22:43:39 2013
3	Output	0	36720 Sun Nov 24 22:43:39 2013
4	Input	0	36720 Sun Nov 24 22:43:39 2013
12	fps	31	36720 Sun Nov 24 22:43:39 2013
13	Clients	0	36720 Sun Nov 24 22:43:39 2013
11	CPU %	2	36720 Sun Nov 24 22:43:39 2013
5	Total Output	0	37740 Sun Nov 24 22:43:40 2013
6	Total Input	0	37740 Sun Nov 24 22:43:40 2013
3	Output	0	37740 Sun Nov 24 22:43:40 2013
4	Input	0	37740 Sun Nov 24 22:43:40 2013
12	fps	31	37740 Sun Nov 24 22:43:40 2013
13	Clients	0	37740 Sun Nov 24 22:43:40 2013
11	CPU %	2	37740 Sun Nov 24 22:43:40 2013
5	Total Output	0	38760 Sun Nov 24 22:43:41 2013
6	Total Input	0	38760 Sun Nov 24 22:43:41 2013
3	Output	0	38760 Sun Nov 24 22:43:41 2013
4	Input	0	38760 Sun Nov 24 22:43:41 2013
12	fps	32	38760 Sun Nov 24 22:43:41 2013
13	Clients	0	38760 Sun Nov 24 22:43:41 2013
11	CPU %	1	38760 Sun Nov 24 22:43:41 2013
