1	Starting the game	0	0 Sun Dec  1 17:47:41 2013
1	2 players; 2 teams; load 0 Bytes each 0ms	0	0 Sun Dec  1 17:47:41 2013
2	Listening on port	1234	0 Sun Dec  1 17:47:41 2013
5	Total Output	0	1020 Sun Dec  1 17:47:42 2013
6	Total Input	0	1020 Sun Dec  1 17:47:42 2013
3	Output	0	1020 Sun Dec  1 17:47:42 2013
4	Input	0	1020 Sun Dec  1 17:47:42 2013
12	fps	32	1020 Sun Dec  1 17:47:42 2013
13	Clients	0	1020 Sun Dec  1 17:47:42 2013
11	CPU %	0	1020 Sun Dec  1 17:47:42 2013
5	Total Output	0	2040 Sun Dec  1 17:47:43 2013
6	Total Input	0	2040 Sun Dec  1 17:47:43 2013
3	Output	0	2040 Sun Dec  1 17:47:43 2013
4	Input	0	2040 Sun Dec  1 17:47:43 2013
12	fps	31	2040 Sun Dec  1 17:47:43 2013
13	Clients	0	2040 Sun Dec  1 17:47:43 2013
11	CPU %	1	2040 Sun Dec  1 17:47:43 2013
5	Total Output	0	3060 Sun Dec  1 17:47:44 2013
6	Total Input	0	3060 Sun Dec  1 17:47:44 2013
3	Output	0	3060 Sun Dec  1 17:47:44 2013
4	Input	0	3060 Sun Dec  1 17:47:44 2013
12	fps	32	3060 Sun Dec  1 17:47:44 2013
13	Clients	0	3060 Sun Dec  1 17:47:44 2013
11	CPU %	1	3060 Sun Dec  1 17:47:44 2013
5	Total Output	0	4080 Sun Dec  1 17:47:45 2013
6	Total Input	0	4080 Sun Dec  1 17:47:45 2013
3	Output	0	4080 Sun Dec  1 17:47:45 2013
4	Input	0	4080 Sun Dec  1 17:47:45 2013
12	fps	33	4080 Sun Dec  1 17:47:45 2013
13	Clients	0	4080 Sun Dec  1 17:47:45 2013
11	CPU %	0	4080 Sun Dec  1 17:47:45 2013
5	Total Output	0	5100 Sun Dec  1 17:47:46 2013
6	Total Input	0	5100 Sun Dec  1 17:47:46 2013
3	Output	0	5100 Sun Dec  1 17:47:46 2013
4	Input	0	5100 Sun Dec  1 17:47:46 2013
12	fps	32	5100 Sun Dec  1 17:47:46 2013
13	Clients	0	5100 Sun Dec  1 17:47:46 2013
11	CPU %	1	5100 Sun Dec  1 17:47:46 2013
