1	Starting the game	0	30 Tue Dec 17 23:02:23 2013
1	2 players; 2 teams; load 0 Bytes each 0ms	0	30 Tue Dec 17 23:02:23 2013
2	Listening on port	1234	30 Tue Dec 17 23:02:23 2013
5	Total Output	0	1050 Tue Dec 17 23:02:24 2013
6	Total Input	0	1050 Tue Dec 17 23:02:24 2013
3	Output	0	1050 Tue Dec 17 23:02:24 2013
4	Input	0	1050 Tue Dec 17 23:02:24 2013
12	fps	29	1050 Tue Dec 17 23:02:24 2013
13	Clients	0	1050 Tue Dec 17 23:02:24 2013
11	CPU %	2	1050 Tue Dec 17 23:02:24 2013
5	Total Output	0	2070 Tue Dec 17 23:02:27 2013
6	Total Input	0	2070 Tue Dec 17 23:02:27 2013
3	Output	0	2070 Tue Dec 17 23:02:27 2013
4	Input	0	2070 Tue Dec 17 23:02:27 2013
12	fps	11	2070 Tue Dec 17 23:02:27 2013
13	Clients	0	2070 Tue Dec 17 23:02:27 2013
11	CPU %	24	2070 Tue Dec 17 23:02:27 2013
5	Total Output	0	3090 Tue Dec 17 23:02:28 2013
6	Total Input	0	3090 Tue Dec 17 23:02:28 2013
3	Output	0	3090 Tue Dec 17 23:02:28 2013
4	Input	0	3090 Tue Dec 17 23:02:28 2013
12	fps	31	3090 Tue Dec 17 23:02:28 2013
13	Clients	0	3090 Tue Dec 17 23:02:28 2013
11	CPU %	23	3090 Tue Dec 17 23:02:28 2013
5	Total Output	0	4110 Tue Dec 17 23:02:29 2013
6	Total Input	0	4110 Tue Dec 17 23:02:29 2013
3	Output	0	4110 Tue Dec 17 23:02:29 2013
4	Input	0	4110 Tue Dec 17 23:02:29 2013
12	fps	30	4110 Tue Dec 17 23:02:29 2013
13	Clients	0	4110 Tue Dec 17 23:02:29 2013
11	CPU %	25	4110 Tue Dec 17 23:02:29 2013
5	Total Output	0	5130 Tue Dec 17 23:02:30 2013
6	Total Input	0	5130 Tue Dec 17 23:02:30 2013
3	Output	0	5130 Tue Dec 17 23:02:30 2013
4	Input	0	5130 Tue Dec 17 23:02:30 2013
12	fps	26	5130 Tue Dec 17 23:02:30 2013
13	Clients	0	5130 Tue Dec 17 23:02:30 2013
11	CPU %	32	5130 Tue Dec 17 23:02:30 2013
5	Total Output	0	6150 Tue Dec 17 23:02:32 2013
6	Total Input	0	6150 Tue Dec 17 23:02:32 2013
3	Output	0	6150 Tue Dec 17 23:02:32 2013
4	Input	0	6150 Tue Dec 17 23:02:32 2013
12	fps	30	6150 Tue Dec 17 23:02:32 2013
13	Clients	0	6150 Tue Dec 17 23:02:32 2013
11	CPU %	23	6150 Tue Dec 17 23:02:32 2013
5	Total Output	0	7170 Tue Dec 17 23:02:33 2013
6	Total Input	0	7170 Tue Dec 17 23:02:33 2013
3	Output	0	7170 Tue Dec 17 23:02:33 2013
4	Input	0	7170 Tue Dec 17 23:02:33 2013
12	fps	30	7170 Tue Dec 17 23:02:33 2013
13	Clients	0	7170 Tue Dec 17 23:02:33 2013
11	CPU %	25	7170 Tue Dec 17 23:02:33 2013
5	Total Output	0	8190 Tue Dec 17 23:02:34 2013
6	Total Input	0	8190 Tue Dec 17 23:02:34 2013
3	Output	0	8190 Tue Dec 17 23:02:34 2013
4	Input	0	8190 Tue Dec 17 23:02:34 2013
12	fps	29	8190 Tue Dec 17 23:02:34 2013
13	Clients	0	8190 Tue Dec 17 23:02:34 2013
11	CPU %	24	8190 Tue Dec 17 23:02:34 2013
5	Total Output	0	9210 Tue Dec 17 23:02:35 2013
6	Total Input	0	9210 Tue Dec 17 23:02:35 2013
3	Output	0	9210 Tue Dec 17 23:02:35 2013
4	Input	0	9210 Tue Dec 17 23:02:35 2013
12	fps	31	9210 Tue Dec 17 23:02:35 2013
13	Clients	0	9210 Tue Dec 17 23:02:35 2013
11	CPU %	20	9210 Tue Dec 17 23:02:35 2013
5	Total Output	0	10230 Tue Dec 17 23:02:36 2013
6	Total Input	0	10230 Tue Dec 17 23:02:36 2013
3	Output	0	10230 Tue Dec 17 23:02:36 2013
4	Input	0	10230 Tue Dec 17 23:02:36 2013
12	fps	31	10230 Tue Dec 17 23:02:36 2013
13	Clients	0	10230 Tue Dec 17 23:02:36 2013
11	CPU %	19	10230 Tue Dec 17 23:02:36 2013
5	Total Output	0	11250 Tue Dec 17 23:02:37 2013
6	Total Input	0	11250 Tue Dec 17 23:02:37 2013
3	Output	0	11250 Tue Dec 17 23:02:37 2013
4	Input	0	11250 Tue Dec 17 23:02:37 2013
12	fps	30	11250 Tue Dec 17 23:02:37 2013
13	Clients	0	11250 Tue Dec 17 23:02:37 2013
11	CPU %	28	11250 Tue Dec 17 23:02:37 2013
5	Total Output	0	12270 Tue Dec 17 23:02:38 2013
6	Total Input	0	12270 Tue Dec 17 23:02:38 2013
3	Output	0	12270 Tue Dec 17 23:02:38 2013
4	Input	0	12270 Tue Dec 17 23:02:38 2013
12	fps	30	12270 Tue Dec 17 23:02:38 2013
13	Clients	0	12270 Tue Dec 17 23:02:38 2013
11	CPU %	21	12270 Tue Dec 17 23:02:38 2013
5	Total Output	0	13290 Tue Dec 17 23:02:39 2013
6	Total Input	0	13290 Tue Dec 17 23:02:39 2013
3	Output	0	13290 Tue Dec 17 23:02:39 2013
4	Input	0	13290 Tue Dec 17 23:02:39 2013
12	fps	27	13290 Tue Dec 17 23:02:39 2013
13	Clients	0	13290 Tue Dec 17 23:02:39 2013
11	CPU %	34	13290 Tue Dec 17 23:02:39 2013
5	Total Output	0	14310 Tue Dec 17 23:02:41 2013
6	Total Input	0	14310 Tue Dec 17 23:02:41 2013
3	Output	0	14310 Tue Dec 17 23:02:41 2013
4	Input	0	14310 Tue Dec 17 23:02:41 2013
12	fps	32	14310 Tue Dec 17 23:02:41 2013
13	Clients	0	14310 Tue Dec 17 23:02:41 2013
11	CPU %	24	14310 Tue Dec 17 23:02:41 2013
5	Total Output	0	15330 Tue Dec 17 23:02:42 2013
6	Total Input	0	15330 Tue Dec 17 23:02:42 2013
3	Output	0	15330 Tue Dec 17 23:02:42 2013
4	Input	0	15330 Tue Dec 17 23:02:42 2013
12	fps	30	15330 Tue Dec 17 23:02:42 2013
13	Clients	0	15330 Tue Dec 17 23:02:42 2013
11	CPU %	21	15330 Tue Dec 17 23:02:42 2013
5	Total Output	0	16350 Tue Dec 17 23:02:43 2013
6	Total Input	0	16350 Tue Dec 17 23:02:43 2013
3	Output	0	16350 Tue Dec 17 23:02:43 2013
4	Input	0	16350 Tue Dec 17 23:02:43 2013
12	fps	30	16350 Tue Dec 17 23:02:43 2013
13	Clients	0	16350 Tue Dec 17 23:02:43 2013
11	CPU %	20	16350 Tue Dec 17 23:02:43 2013
5	Total Output	0	17370 Tue Dec 17 23:02:44 2013
6	Total Input	0	17370 Tue Dec 17 23:02:44 2013
3	Output	0	17370 Tue Dec 17 23:02:44 2013
4	Input	0	17370 Tue Dec 17 23:02:44 2013
12	fps	32	17370 Tue Dec 17 23:02:44 2013
13	Clients	0	17370 Tue Dec 17 23:02:44 2013
11	CPU %	19	17370 Tue Dec 17 23:02:44 2013
5	Total Output	0	18390 Tue Dec 17 23:02:45 2013
6	Total Input	0	18390 Tue Dec 17 23:02:45 2013
3	Output	0	18390 Tue Dec 17 23:02:45 2013
4	Input	0	18390 Tue Dec 17 23:02:45 2013
12	fps	31	18390 Tue Dec 17 23:02:45 2013
13	Clients	0	18390 Tue Dec 17 23:02:45 2013
11	CPU %	23	18390 Tue Dec 17 23:02:45 2013
5	Total Output	0	19410 Tue Dec 17 23:02:46 2013
6	Total Input	0	19410 Tue Dec 17 23:02:46 2013
3	Output	0	19410 Tue Dec 17 23:02:46 2013
4	Input	0	19410 Tue Dec 17 23:02:46 2013
12	fps	29	19410 Tue Dec 17 23:02:46 2013
13	Clients	0	19410 Tue Dec 17 23:02:46 2013
11	CPU %	26	19410 Tue Dec 17 23:02:46 2013
5	Total Output	0	20430 Tue Dec 17 23:02:47 2013
6	Total Input	0	20430 Tue Dec 17 23:02:47 2013
3	Output	0	20430 Tue Dec 17 23:02:47 2013
4	Input	0	20430 Tue Dec 17 23:02:47 2013
12	fps	31	20430 Tue Dec 17 23:02:47 2013
13	Clients	0	20430 Tue Dec 17 23:02:47 2013
11	CPU %	16	20430 Tue Dec 17 23:02:47 2013
5	Total Output	0	21450 Tue Dec 17 23:02:48 2013
6	Total Input	0	21450 Tue Dec 17 23:02:48 2013
3	Output	0	21450 Tue Dec 17 23:02:48 2013
4	Input	0	21450 Tue Dec 17 23:02:48 2013
12	fps	31	21450 Tue Dec 17 23:02:48 2013
13	Clients	0	21450 Tue Dec 17 23:02:48 2013
11	CPU %	11	21450 Tue Dec 17 23:02:48 2013
5	Total Output	0	22470 Tue Dec 17 23:02:49 2013
6	Total Input	0	22470 Tue Dec 17 23:02:49 2013
3	Output	0	22470 Tue Dec 17 23:02:49 2013
4	Input	0	22470 Tue Dec 17 23:02:49 2013
12	fps	30	22470 Tue Dec 17 23:02:49 2013
13	Clients	0	22470 Tue Dec 17 23:02:49 2013
11	CPU %	19	22470 Tue Dec 17 23:02:49 2013
5	Total Output	0	23490 Tue Dec 17 23:02:50 2013
6	Total Input	0	23490 Tue Dec 17 23:02:50 2013
3	Output	0	23490 Tue Dec 17 23:02:50 2013
4	Input	0	23490 Tue Dec 17 23:02:50 2013
12	fps	32	23490 Tue Dec 17 23:02:50 2013
13	Clients	0	23490 Tue Dec 17 23:02:50 2013
11	CPU %	24	23490 Tue Dec 17 23:02:50 2013
5	Total Output	0	24510 Tue Dec 17 23:02:52 2013
6	Total Input	0	24510 Tue Dec 17 23:02:52 2013
3	Output	0	24510 Tue Dec 17 23:02:52 2013
4	Input	0	24510 Tue Dec 17 23:02:52 2013
12	fps	30	24510 Tue Dec 17 23:02:52 2013
13	Clients	0	24510 Tue Dec 17 23:02:52 2013
11	CPU %	23	24510 Tue Dec 17 23:02:52 2013
5	Total Output	0	25530 Tue Dec 17 23:02:53 2013
6	Total Input	0	25530 Tue Dec 17 23:02:53 2013
3	Output	0	25530 Tue Dec 17 23:02:53 2013
4	Input	0	25530 Tue Dec 17 23:02:53 2013
12	fps	31	25530 Tue Dec 17 23:02:53 2013
13	Clients	0	25530 Tue Dec 17 23:02:53 2013
11	CPU %	27	25530 Tue Dec 17 23:02:53 2013
5	Total Output	0	26550 Tue Dec 17 23:02:54 2013
6	Total Input	0	26550 Tue Dec 17 23:02:54 2013
3	Output	0	26550 Tue Dec 17 23:02:54 2013
4	Input	0	26550 Tue Dec 17 23:02:54 2013
12	fps	30	26550 Tue Dec 17 23:02:54 2013
13	Clients	0	26550 Tue Dec 17 23:02:54 2013
11	CPU %	30	26550 Tue Dec 17 23:02:54 2013
5	Total Output	0	27570 Tue Dec 17 23:02:55 2013
6	Total Input	0	27570 Tue Dec 17 23:02:55 2013
3	Output	0	27570 Tue Dec 17 23:02:55 2013
4	Input	0	27570 Tue Dec 17 23:02:55 2013
12	fps	30	27570 Tue Dec 17 23:02:55 2013
13	Clients	0	27570 Tue Dec 17 23:02:55 2013
11	CPU %	17	27570 Tue Dec 17 23:02:55 2013
5	Total Output	0	28590 Tue Dec 17 23:02:56 2013
6	Total Input	0	28620 Tue Dec 17 23:02:56 2013
3	Output	0	28620 Tue Dec 17 23:02:56 2013
4	Input	0	28620 Tue Dec 17 23:02:56 2013
12	fps	30	28620 Tue Dec 17 23:02:56 2013
13	Clients	0	28620 Tue Dec 17 23:02:56 2013
11	CPU %	42	28620 Tue Dec 17 23:02:56 2013
5	Total Output	0	29640 Tue Dec 17 23:02:57 2013
6	Total Input	0	29640 Tue Dec 17 23:02:57 2013
3	Output	0	29640 Tue Dec 17 23:02:57 2013
4	Input	0	29640 Tue Dec 17 23:02:57 2013
12	fps	32	29640 Tue Dec 17 23:02:57 2013
13	Clients	0	29640 Tue Dec 17 23:02:57 2013
11	CPU %	20	29640 Tue Dec 17 23:02:57 2013
5	Total Output	0	30660 Tue Dec 17 23:02:58 2013
6	Total Input	0	30660 Tue Dec 17 23:02:58 2013
3	Output	0	30660 Tue Dec 17 23:02:58 2013
4	Input	0	30660 Tue Dec 17 23:02:58 2013
12	fps	26	30660 Tue Dec 17 23:02:58 2013
13	Clients	0	30660 Tue Dec 17 23:02:58 2013
11	CPU %	28	30660 Tue Dec 17 23:02:58 2013
5	Total Output	0	31680 Tue Dec 17 23:02:59 2013
6	Total Input	0	31680 Tue Dec 17 23:02:59 2013
3	Output	0	31680 Tue Dec 17 23:02:59 2013
4	Input	0	31680 Tue Dec 17 23:02:59 2013
12	fps	29	31680 Tue Dec 17 23:02:59 2013
13	Clients	0	31680 Tue Dec 17 23:02:59 2013
11	CPU %	23	31680 Tue Dec 17 23:02:59 2013
5	Total Output	0	32700 Tue Dec 17 23:03:01 2013
6	Total Input	0	32700 Tue Dec 17 23:03:01 2013
3	Output	0	32700 Tue Dec 17 23:03:01 2013
4	Input	0	32700 Tue Dec 17 23:03:01 2013
12	fps	29	32700 Tue Dec 17 23:03:01 2013
13	Clients	0	32700 Tue Dec 17 23:03:01 2013
11	CPU %	24	32700 Tue Dec 17 23:03:01 2013
