1	Starting the game	0	30 Tue Dec 17 23:03:09 2013
1	2 players; 2 teams; load 0 Bytes each 0ms	0	30 Tue Dec 17 23:03:09 2013
2	Listening on port	1234	30 Tue Dec 17 23:03:09 2013
5	Total Output	0	1050 Tue Dec 17 23:03:10 2013
6	Total Input	0	1050 Tue Dec 17 23:03:10 2013
3	Output	0	1050 Tue Dec 17 23:03:10 2013
4	Input	0	1050 Tue Dec 17 23:03:10 2013
12	fps	32	1050 Tue Dec 17 23:03:10 2013
13	Clients	0	1050 Tue Dec 17 23:03:10 2013
11	CPU %	0	1050 Tue Dec 17 23:03:10 2013
5	Total Output	0	2070 Tue Dec 17 23:03:11 2013
6	Total Input	0	2070 Tue Dec 17 23:03:11 2013
3	Output	0	2070 Tue Dec 17 23:03:11 2013
4	Input	0	2070 Tue Dec 17 23:03:11 2013
12	fps	31	2070 Tue Dec 17 23:03:11 2013
13	Clients	0	2070 Tue Dec 17 23:03:11 2013
11	CPU %	4	2070 Tue Dec 17 23:03:11 2013
5	Total Output	0	3090 Tue Dec 17 23:03:12 2013
6	Total Input	0	3090 Tue Dec 17 23:03:12 2013
3	Output	0	3090 Tue Dec 17 23:03:12 2013
4	Input	0	3090 Tue Dec 17 23:03:12 2013
12	fps	32	3090 Tue Dec 17 23:03:12 2013
13	Clients	0	3090 Tue Dec 17 23:03:12 2013
11	CPU %	3	3090 Tue Dec 17 23:03:12 2013
5	Total Output	0	4110 Tue Dec 17 23:03:13 2013
6	Total Input	0	4110 Tue Dec 17 23:03:13 2013
3	Output	0	4110 Tue Dec 17 23:03:13 2013
4	Input	0	4110 Tue Dec 17 23:03:13 2013
12	fps	32	4110 Tue Dec 17 23:03:13 2013
13	Clients	0	4110 Tue Dec 17 23:03:13 2013
11	CPU %	4	4110 Tue Dec 17 23:03:13 2013
